running egg_info
writing ../../build/puzzlebot_minichallenge2/puzzlebot_minichallenge2.egg-info/PKG-INFO
writing dependency_links to ../../build/puzzlebot_minichallenge2/puzzlebot_minichallenge2.egg-info/dependency_links.txt
writing entry points to ../../build/puzzlebot_minichallenge2/puzzlebot_minichallenge2.egg-info/entry_points.txt
writing requirements to ../../build/puzzlebot_minichallenge2/puzzlebot_minichallenge2.egg-info/requires.txt
writing top-level names to ../../build/puzzlebot_minichallenge2/puzzlebot_minichallenge2.egg-info/top_level.txt
reading manifest file '../../build/puzzlebot_minichallenge2/puzzlebot_minichallenge2.egg-info/SOURCES.txt'
writing manifest file '../../build/puzzlebot_minichallenge2/puzzlebot_minichallenge2.egg-info/SOURCES.txt'
running build
running build_py
running install
running install_lib
running install_data
copying package.xml -> /home/ricardosierra/Documents/TEC/6Semestre/ImplementacionDeRoboticaInteligente/ManchesterRobotics/Computer_Vision_Robot_Papuland/MInichallenge2/install/puzzlebot_minichallenge2/share/puzzlebot_minichallenge2
copying launch/puzzlebot_minichallenge2_launch.py -> /home/ricardosierra/Documents/TEC/6Semestre/ImplementacionDeRoboticaInteligente/ManchesterRobotics/Computer_Vision_Robot_Papuland/MInichallenge2/install/puzzlebot_minichallenge2/share/puzzlebot_minichallenge2/launch
running install_egg_info
removing '/home/ricardosierra/Documents/TEC/6Semestre/ImplementacionDeRoboticaInteligente/ManchesterRobotics/Computer_Vision_Robot_Papuland/MInichallenge2/install/puzzlebot_minichallenge2/lib/python3.10/site-packages/puzzlebot_minichallenge2-0.0.0-py3.10.egg-info' (and everything under it)
Copying ../../build/puzzlebot_minichallenge2/puzzlebot_minichallenge2.egg-info to /home/ricardosierra/Documents/TEC/6Semestre/ImplementacionDeRoboticaInteligente/ManchesterRobotics/Computer_Vision_Robot_Papuland/MInichallenge2/install/puzzlebot_minichallenge2/lib/python3.10/site-packages/puzzlebot_minichallenge2-0.0.0-py3.10.egg-info
running install_scripts
Installing Controller script to /home/ricardosierra/Documents/TEC/6Semestre/ImplementacionDeRoboticaInteligente/ManchesterRobotics/Computer_Vision_Robot_Papuland/MInichallenge2/install/puzzlebot_minichallenge2/lib/puzzlebot_minichallenge2
writing list of installed files to '/home/ricardosierra/Documents/TEC/6Semestre/ImplementacionDeRoboticaInteligente/ManchesterRobotics/Computer_Vision_Robot_Papuland/MInichallenge2/build/puzzlebot_minichallenge2/install.log'
