[0.501s] Invoking command in '/home/ricardosierra/Documents/TEC/6Semestre/ImplementacionDeRoboticaInteligente/ManchesterRobotics/Computer_Vision_Robot_Papuland/MInichallenge2/src/puzzlebot_minichallenge2': PYTHONPATH=/home/ricardosierra/Documents/TEC/6Semestre/ImplementacionDeRoboticaInteligente/ManchesterRobotics/Computer_Vision_Robot_Papuland/MInichallenge2/build/puzzlebot_minichallenge2/prefix_override:/usr/lib/python3/dist-packages/colcon_core/task/python/colcon_distutils_commands:/home/ricardosierra/Documents/TEC/6Semestre/ImplementacionDeRoboticaInteligente/ManchesterRobotics/Computer_Vision_Robot_Papuland/MInichallenge2/install/puzzlebot_minichallenge2/lib/python3.10/site-packages:${PYTHONPATH} /usr/bin/python3 -W ignore:setup.py install is deprecated -W ignore:easy_install command is deprecated setup.py egg_info --egg-base ../../build/puzzlebot_minichallenge2 build --build-base /home/ricardosierra/Documents/TEC/6Semestre/ImplementacionDeRoboticaInteligente/ManchesterRobotics/Computer_Vision_Robot_Papuland/MInichallenge2/build/puzzlebot_minichallenge2/build install --record /home/ricardosierra/Documents/TEC/6Semestre/ImplementacionDeRoboticaInteligente/ManchesterRobotics/Computer_Vision_Robot_Papuland/MInichallenge2/build/puzzlebot_minichallenge2/install.log --single-version-externally-managed install_data
[0.715s] running egg_info
[0.716s] writing ../../build/puzzlebot_minichallenge2/puzzlebot_minichallenge2.egg-info/PKG-INFO
[0.716s] writing dependency_links to ../../build/puzzlebot_minichallenge2/puzzlebot_minichallenge2.egg-info/dependency_links.txt
[0.716s] writing entry points to ../../build/puzzlebot_minichallenge2/puzzlebot_minichallenge2.egg-info/entry_points.txt
[0.716s] writing requirements to ../../build/puzzlebot_minichallenge2/puzzlebot_minichallenge2.egg-info/requires.txt
[0.716s] writing top-level names to ../../build/puzzlebot_minichallenge2/puzzlebot_minichallenge2.egg-info/top_level.txt
[0.718s] reading manifest file '../../build/puzzlebot_minichallenge2/puzzlebot_minichallenge2.egg-info/SOURCES.txt'
[0.719s] writing manifest file '../../build/puzzlebot_minichallenge2/puzzlebot_minichallenge2.egg-info/SOURCES.txt'
[0.719s] running build
[0.719s] running build_py
[0.719s] copying puzzlebot_minichallenge2/Controller.py -> /home/ricardosierra/Documents/TEC/6Semestre/ImplementacionDeRoboticaInteligente/ManchesterRobotics/Computer_Vision_Robot_Papuland/MInichallenge2/build/puzzlebot_minichallenge2/build/lib/puzzlebot_minichallenge2
[0.719s] running install
[0.719s] running install_lib
[0.720s] copying /home/ricardosierra/Documents/TEC/6Semestre/ImplementacionDeRoboticaInteligente/ManchesterRobotics/Computer_Vision_Robot_Papuland/MInichallenge2/build/puzzlebot_minichallenge2/build/lib/puzzlebot_minichallenge2/Controller.py -> /home/ricardosierra/Documents/TEC/6Semestre/ImplementacionDeRoboticaInteligente/ManchesterRobotics/Computer_Vision_Robot_Papuland/MInichallenge2/install/puzzlebot_minichallenge2/lib/python3.10/site-packages/puzzlebot_minichallenge2
[0.720s] byte-compiling /home/ricardosierra/Documents/TEC/6Semestre/ImplementacionDeRoboticaInteligente/ManchesterRobotics/Computer_Vision_Robot_Papuland/MInichallenge2/install/puzzlebot_minichallenge2/lib/python3.10/site-packages/puzzlebot_minichallenge2/Controller.py to Controller.cpython-310.pyc
[0.721s] running install_data
[0.721s] creating /home/ricardosierra/Documents/TEC/6Semestre/ImplementacionDeRoboticaInteligente/ManchesterRobotics/Computer_Vision_Robot_Papuland/MInichallenge2/install/puzzlebot_minichallenge2/share/puzzlebot_minichallenge2/launch
[0.721s] copying launch/puzzlebot_minichallenge2_launch.py -> /home/ricardosierra/Documents/TEC/6Semestre/ImplementacionDeRoboticaInteligente/ManchesterRobotics/Computer_Vision_Robot_Papuland/MInichallenge2/install/puzzlebot_minichallenge2/share/puzzlebot_minichallenge2/launch
[0.721s] running install_egg_info
[0.724s] removing '/home/ricardosierra/Documents/TEC/6Semestre/ImplementacionDeRoboticaInteligente/ManchesterRobotics/Computer_Vision_Robot_Papuland/MInichallenge2/install/puzzlebot_minichallenge2/lib/python3.10/site-packages/puzzlebot_minichallenge2-0.0.0-py3.10.egg-info' (and everything under it)
[0.724s] Copying ../../build/puzzlebot_minichallenge2/puzzlebot_minichallenge2.egg-info to /home/ricardosierra/Documents/TEC/6Semestre/ImplementacionDeRoboticaInteligente/ManchesterRobotics/Computer_Vision_Robot_Papuland/MInichallenge2/install/puzzlebot_minichallenge2/lib/python3.10/site-packages/puzzlebot_minichallenge2-0.0.0-py3.10.egg-info
[0.724s] running install_scripts
[0.742s] Installing Controller script to /home/ricardosierra/Documents/TEC/6Semestre/ImplementacionDeRoboticaInteligente/ManchesterRobotics/Computer_Vision_Robot_Papuland/MInichallenge2/install/puzzlebot_minichallenge2/lib/puzzlebot_minichallenge2
[0.743s] writing list of installed files to '/home/ricardosierra/Documents/TEC/6Semestre/ImplementacionDeRoboticaInteligente/ManchesterRobotics/Computer_Vision_Robot_Papuland/MInichallenge2/build/puzzlebot_minichallenge2/install.log'
[0.764s] Invoked command in '/home/ricardosierra/Documents/TEC/6Semestre/ImplementacionDeRoboticaInteligente/ManchesterRobotics/Computer_Vision_Robot_Papuland/MInichallenge2/src/puzzlebot_minichallenge2' returned '0': PYTHONPATH=/home/ricardosierra/Documents/TEC/6Semestre/ImplementacionDeRoboticaInteligente/ManchesterRobotics/Computer_Vision_Robot_Papuland/MInichallenge2/build/puzzlebot_minichallenge2/prefix_override:/usr/lib/python3/dist-packages/colcon_core/task/python/colcon_distutils_commands:/home/ricardosierra/Documents/TEC/6Semestre/ImplementacionDeRoboticaInteligente/ManchesterRobotics/Computer_Vision_Robot_Papuland/MInichallenge2/install/puzzlebot_minichallenge2/lib/python3.10/site-packages:${PYTHONPATH} /usr/bin/python3 -W ignore:setup.py install is deprecated -W ignore:easy_install command is deprecated setup.py egg_info --egg-base ../../build/puzzlebot_minichallenge2 build --build-base /home/ricardosierra/Documents/TEC/6Semestre/ImplementacionDeRoboticaInteligente/ManchesterRobotics/Computer_Vision_Robot_Papuland/MInichallenge2/build/puzzlebot_minichallenge2/build install --record /home/ricardosierra/Documents/TEC/6Semestre/ImplementacionDeRoboticaInteligente/ManchesterRobotics/Computer_Vision_Robot_Papuland/MInichallenge2/build/puzzlebot_minichallenge2/install.log --single-version-externally-managed install_data
