[0.502s] Invoking command in '/home/ricardosierra/Documents/TEC/6Semestre/ImplementacionDeRoboticaInteligente/ManchesterRobotics/Computer_Vision_Robot_Papuland/MInichallenge2/src/puzzlebot_minichallenge2': PYTHONPATH=/home/ricardosierra/Documents/TEC/6Semestre/ImplementacionDeRoboticaInteligente/ManchesterRobotics/Computer_Vision_Robot_Papuland/MInichallenge2/build/puzzlebot_minichallenge2/prefix_override:/usr/lib/python3/dist-packages/colcon_core/task/python/colcon_distutils_commands:/home/ricardosierra/Documents/TEC/6Semestre/ImplementacionDeRoboticaInteligente/ManchesterRobotics/Computer_Vision_Robot_Papuland/MInichallenge2/install/puzzlebot_minichallenge2/lib/python3.10/site-packages:${PYTHONPATH} /usr/bin/python3 -W ignore:setup.py install is deprecated -W ignore:easy_install command is deprecated setup.py egg_info --egg-base ../../build/puzzlebot_minichallenge2 build --build-base /home/ricardosierra/Documents/TEC/6Semestre/ImplementacionDeRoboticaInteligente/ManchesterRobotics/Computer_Vision_Robot_Papuland/MInichallenge2/build/puzzlebot_minichallenge2/build install --record /home/ricardosierra/Documents/TEC/6Semestre/ImplementacionDeRoboticaInteligente/ManchesterRobotics/Computer_Vision_Robot_Papuland/MInichallenge2/build/puzzlebot_minichallenge2/install.log --single-version-externally-managed install_data
[0.691s] running egg_info
[0.692s] creating ../../build/puzzlebot_minichallenge2/puzzlebot_minichallenge2.egg-info
[0.692s] writing ../../build/puzzlebot_minichallenge2/puzzlebot_minichallenge2.egg-info/PKG-INFO
[0.692s] writing dependency_links to ../../build/puzzlebot_minichallenge2/puzzlebot_minichallenge2.egg-info/dependency_links.txt
[0.692s] writing entry points to ../../build/puzzlebot_minichallenge2/puzzlebot_minichallenge2.egg-info/entry_points.txt
[0.692s] writing requirements to ../../build/puzzlebot_minichallenge2/puzzlebot_minichallenge2.egg-info/requires.txt
[0.692s] writing top-level names to ../../build/puzzlebot_minichallenge2/puzzlebot_minichallenge2.egg-info/top_level.txt
[0.692s] writing manifest file '../../build/puzzlebot_minichallenge2/puzzlebot_minichallenge2.egg-info/SOURCES.txt'
[0.694s] reading manifest file '../../build/puzzlebot_minichallenge2/puzzlebot_minichallenge2.egg-info/SOURCES.txt'
[0.695s] writing manifest file '../../build/puzzlebot_minichallenge2/puzzlebot_minichallenge2.egg-info/SOURCES.txt'
[0.695s] running build
[0.695s] running build_py
[0.695s] creating /home/ricardosierra/Documents/TEC/6Semestre/ImplementacionDeRoboticaInteligente/ManchesterRobotics/Computer_Vision_Robot_Papuland/MInichallenge2/build/puzzlebot_minichallenge2/build
[0.695s] creating /home/ricardosierra/Documents/TEC/6Semestre/ImplementacionDeRoboticaInteligente/ManchesterRobotics/Computer_Vision_Robot_Papuland/MInichallenge2/build/puzzlebot_minichallenge2/build/lib
[0.695s] creating /home/ricardosierra/Documents/TEC/6Semestre/ImplementacionDeRoboticaInteligente/ManchesterRobotics/Computer_Vision_Robot_Papuland/MInichallenge2/build/puzzlebot_minichallenge2/build/lib/puzzlebot_minichallenge2
[0.695s] copying puzzlebot_minichallenge2/__init__.py -> /home/ricardosierra/Documents/TEC/6Semestre/ImplementacionDeRoboticaInteligente/ManchesterRobotics/Computer_Vision_Robot_Papuland/MInichallenge2/build/puzzlebot_minichallenge2/build/lib/puzzlebot_minichallenge2
[0.695s] running install
[0.695s] running install_lib
[0.696s] creating /home/ricardosierra/Documents/TEC/6Semestre/ImplementacionDeRoboticaInteligente/ManchesterRobotics/Computer_Vision_Robot_Papuland/MInichallenge2/install/puzzlebot_minichallenge2/lib/python3.10/site-packages/puzzlebot_minichallenge2
[0.696s] copying /home/ricardosierra/Documents/TEC/6Semestre/ImplementacionDeRoboticaInteligente/ManchesterRobotics/Computer_Vision_Robot_Papuland/MInichallenge2/build/puzzlebot_minichallenge2/build/lib/puzzlebot_minichallenge2/__init__.py -> /home/ricardosierra/Documents/TEC/6Semestre/ImplementacionDeRoboticaInteligente/ManchesterRobotics/Computer_Vision_Robot_Papuland/MInichallenge2/install/puzzlebot_minichallenge2/lib/python3.10/site-packages/puzzlebot_minichallenge2
[0.697s] byte-compiling /home/ricardosierra/Documents/TEC/6Semestre/ImplementacionDeRoboticaInteligente/ManchesterRobotics/Computer_Vision_Robot_Papuland/MInichallenge2/install/puzzlebot_minichallenge2/lib/python3.10/site-packages/puzzlebot_minichallenge2/__init__.py to __init__.cpython-310.pyc
[0.697s] running install_data
[0.697s] creating /home/ricardosierra/Documents/TEC/6Semestre/ImplementacionDeRoboticaInteligente/ManchesterRobotics/Computer_Vision_Robot_Papuland/MInichallenge2/install/puzzlebot_minichallenge2/share/ament_index
[0.697s] creating /home/ricardosierra/Documents/TEC/6Semestre/ImplementacionDeRoboticaInteligente/ManchesterRobotics/Computer_Vision_Robot_Papuland/MInichallenge2/install/puzzlebot_minichallenge2/share/ament_index/resource_index
[0.697s] creating /home/ricardosierra/Documents/TEC/6Semestre/ImplementacionDeRoboticaInteligente/ManchesterRobotics/Computer_Vision_Robot_Papuland/MInichallenge2/install/puzzlebot_minichallenge2/share/ament_index/resource_index/packages
[0.697s] copying resource/puzzlebot_minichallenge2 -> /home/ricardosierra/Documents/TEC/6Semestre/ImplementacionDeRoboticaInteligente/ManchesterRobotics/Computer_Vision_Robot_Papuland/MInichallenge2/install/puzzlebot_minichallenge2/share/ament_index/resource_index/packages
[0.698s] copying package.xml -> /home/ricardosierra/Documents/TEC/6Semestre/ImplementacionDeRoboticaInteligente/ManchesterRobotics/Computer_Vision_Robot_Papuland/MInichallenge2/install/puzzlebot_minichallenge2/share/puzzlebot_minichallenge2
[0.698s] running install_egg_info
[0.702s] Copying ../../build/puzzlebot_minichallenge2/puzzlebot_minichallenge2.egg-info to /home/ricardosierra/Documents/TEC/6Semestre/ImplementacionDeRoboticaInteligente/ManchesterRobotics/Computer_Vision_Robot_Papuland/MInichallenge2/install/puzzlebot_minichallenge2/lib/python3.10/site-packages/puzzlebot_minichallenge2-0.0.0-py3.10.egg-info
[0.702s] running install_scripts
[0.720s] writing list of installed files to '/home/ricardosierra/Documents/TEC/6Semestre/ImplementacionDeRoboticaInteligente/ManchesterRobotics/Computer_Vision_Robot_Papuland/MInichallenge2/build/puzzlebot_minichallenge2/install.log'
[0.740s] Invoked command in '/home/ricardosierra/Documents/TEC/6Semestre/ImplementacionDeRoboticaInteligente/ManchesterRobotics/Computer_Vision_Robot_Papuland/MInichallenge2/src/puzzlebot_minichallenge2' returned '0': PYTHONPATH=/home/ricardosierra/Documents/TEC/6Semestre/ImplementacionDeRoboticaInteligente/ManchesterRobotics/Computer_Vision_Robot_Papuland/MInichallenge2/build/puzzlebot_minichallenge2/prefix_override:/usr/lib/python3/dist-packages/colcon_core/task/python/colcon_distutils_commands:/home/ricardosierra/Documents/TEC/6Semestre/ImplementacionDeRoboticaInteligente/ManchesterRobotics/Computer_Vision_Robot_Papuland/MInichallenge2/install/puzzlebot_minichallenge2/lib/python3.10/site-packages:${PYTHONPATH} /usr/bin/python3 -W ignore:setup.py install is deprecated -W ignore:easy_install command is deprecated setup.py egg_info --egg-base ../../build/puzzlebot_minichallenge2 build --build-base /home/ricardosierra/Documents/TEC/6Semestre/ImplementacionDeRoboticaInteligente/ManchesterRobotics/Computer_Vision_Robot_Papuland/MInichallenge2/build/puzzlebot_minichallenge2/build install --record /home/ricardosierra/Documents/TEC/6Semestre/ImplementacionDeRoboticaInteligente/ManchesterRobotics/Computer_Vision_Robot_Papuland/MInichallenge2/build/puzzlebot_minichallenge2/install.log --single-version-externally-managed install_data
